<?xml version="1.0" encoding="UTF-8"?>
<!-- Generated by org.testng.reporters.JUnitReportReporter -->
<testsuite skipped="0" hostname="CMLMRATHNAYAKA" name="Test.VerifySingin" tests="1" failures="0" timestamp="2019-12-12T17:04:41 IST" time="20.306" errors="0">
  <testcase name="testSingin" time="20.306" classname="Test.VerifySingin"/>
</testsuite> <!-- Test.VerifySingin -->
