<?xml version="1.0" encoding="UTF-8"?>
<!-- Generated by org.testng.reporters.JUnitReportReporter -->
<testsuite skipped="0" hostname="CMLMRATHNAYAKA" name="Test.VerifyRegistration" tests="1" failures="0" timestamp="2019-12-11T05:35:34 IST" time="17.310" errors="0">
  <testcase name="TestRegistration" time="17.310" classname="Test.VerifyRegistration"/>
</testsuite> <!-- Test.VerifyRegistration -->
