<?xml version="1.0" encoding="UTF-8"?>
<!-- Generated by org.testng.reporters.JUnitReportReporter -->
<testsuite skipped="0" hostname="CMLMRATHNAYAKA" name="Test.VerifyCruises" tests="1" failures="0" timestamp="2019-12-12T17:04:41 IST" time="6.586" errors="0">
  <testcase name="TestCruises" time="6.586" classname="Test.VerifyCruises"/>
</testsuite> <!-- Test.VerifyCruises -->
