<?xml version="1.0" encoding="UTF-8"?>
<!-- Generated by org.testng.reporters.JUnitReportReporter -->
<testsuite skipped="0" hostname="CMLMRATHNAYAKA" name="Test.VerifyCruises" tests="1" failures="0" timestamp="2019-12-11T05:35:34 IST" time="10.905" errors="0">
  <testcase name="TestCruises" time="10.905" classname="Test.VerifyCruises"/>
</testsuite> <!-- Test.VerifyCruises -->
