<?xml version="1.0" encoding="UTF-8"?>
<!-- Generated by org.testng.reporters.JUnitReportReporter -->
<testsuite skipped="0" hostname="CMLMRATHNAYAKA" name="Test.VerifyRegistration" tests="1" failures="0" timestamp="2019-12-12T17:08:30 IST" time="13.384" errors="0">
  <testcase name="TestRegistration" time="13.384" classname="Test.VerifyRegistration"/>
</testsuite> <!-- Test.VerifyRegistration -->
