<?xml version="1.0" encoding="UTF-8"?>
<!-- Generated by org.testng.reporters.JUnitReportReporter -->
<testsuite skipped="0" hostname="CMLMRATHNAYAKA" name="Test.Testone" tests="1" failures="0" timestamp="2019-12-10T18:41:11 IST" time="9.692" errors="0">
  <testcase name="VerifyLoginTestNext" time="9.692" classname="Test.Testone"/>
</testsuite> <!-- Test.Testone -->
