<?xml version="1.0" encoding="UTF-8"?>
<!-- Generated by org.testng.reporters.JUnitReportReporter -->
<testsuite skipped="0" hostname="CMLMRATHNAYAKA" name="Test.VerifyBrockenLinks" tests="1" failures="0" timestamp="2019-12-11T05:35:34 IST" time="17.142" errors="0">
  <testcase name="TestBrockenLinks" time="17.142" classname="Test.VerifyBrockenLinks"/>
</testsuite> <!-- Test.VerifyBrockenLinks -->
