<?xml version="1.0" encoding="UTF-8"?>
<!-- Generated by org.testng.reporters.JUnitReportReporter -->
<testsuite skipped="0" hostname="CMLMRATHNAYAKA" name="Test.VerifyFlightBooking" tests="1" failures="0" timestamp="2019-12-11T05:37:04 IST" time="14.508" errors="0">
  <testcase name="TestFlightBooking" time="14.508" classname="Test.VerifyFlightBooking"/>
</testsuite> <!-- Test.VerifyFlightBooking -->
